<?xml version="1.0" encoding="UTF-8"?>
<!-- Generated by org.testng.reporters.JUnitXMLReporter -->
<testsuite ignored="0" hostname="LAPTOP-UVKNEQCG" failures="0" tests="5" name="OpenCartTest" time="57.724" errors="0" timestamp="2023-04-03T12:15:27 IST">
  <testcase classname="testCases.TC_003_LoginDDT" name="test_loginDTT" time="10.791"/>
  <testcase classname="testCases.TC_003_LoginDDT" name="test_loginDTT" time="10.729"/>
  <testcase classname="testCases.TC_003_LoginDDT" name="test_loginDTT" time="10.688"/>
  <testcase classname="testCases.TC_003_LoginDDT" name="test_loginDTT" time="10.59"/>
  <testcase classname="testCases.TC_003_LoginDDT" name="test_loginDTT" time="10.639"/>
</testsuite> <!-- OpenCartTest -->
